<?xml version="1.0" encoding="UTF-8"?>
<!-- Generated by org.testng.reporters.JUnitReportReporter -->
<testsuite hostname="DESKTOP-OTDRJOF" failures="0" tests="1" name="com.plaid.testcases.Login" time="0.057" errors="0" timestamp="2020-09-05T23:08:30 EDT" skipped="0">
  <testcase classname="com.plaid.testcases.Login" name="login" time="0.057"/>
</testsuite> <!-- com.plaid.testcases.Login -->
