<?xml version="1.0" encoding="UTF-8"?>
<!-- Generated by org.testng.reporters.JUnitReportReporter -->
<testsuite hostname="DESKTOP-OTDRJOF" failures="0" tests="1" name="com.plaid.testcases.Login" time="0.045" errors="0" timestamp="2020-09-06T00:24:42 EDT" skipped="0">
  <testcase classname="com.plaid.testcases.Login" name="login" time="0.045"/>
  <system-out>
Click to see Screenshot <a target="_blank" href=Sun_Sep_06_00_24_41_EDT_2020.jpg>Screenshot</a> <br> <br> <a target="_blank" href=Sun_Sep_06_00_24_41_EDT_2020.jpg><img src=Sun_Sep_06_00_24_41_EDT_2020.jpg height=200 width=200></img></a>  </system-out>
</testsuite> <!-- com.plaid.testcases.Login -->
